<?xml version="1.0" encoding="UTF-8"?>
<!-- Generated by org.testng.reporters.JUnitXMLReporter -->
<testsuite hostname="LAPTOP-CTO6KOJG" name="Test" tests="9" failures="0" timestamp="20 Sep 2021 13:52:25 GMT" time="17.62" errors="0">
  <testcase name="validateTitle" time="0.022" classname="com.susheel.tests.Seleniumdemo"/>
  <testcase name="login" time="7.29" classname="com.susheel.tests.Seleniumdemo"/>
  <testcase name="myDetails" time="1.116" classname="com.susheel.tests.Seleniumdemo"/>
  <testcase name="dateSelect" time="3.649" classname="com.susheel.tests.Seleniumdemo"/>
  <testcase name="gender" time="0.087" classname="com.susheel.tests.Seleniumdemo"/>
  <testcase name="nationality" time="0.821" classname="com.susheel.tests.Seleniumdemo"/>
  <testcase name="firstNameTest" time="0.045" classname="com.susheel.tests.Seleniumdemo"/>
  <testcase name="lastNameTest" time="0.043" classname="com.susheel.tests.Seleniumdemo"/>
  <testcase name="dateTest" time="0.027" classname="com.susheel.tests.Seleniumdemo"/>
</testsuite> <!-- Test -->
