<?xml version="1.0" encoding="UTF-8"?>
<!-- Generated by org.testng.reporters.JUnitXMLReporter -->
<testsuite hostname="LAPTOP-CTO6KOJG" name="Test2" tests="9" failures="0" timestamp="20 Sep 2021 13:52:41 GMT" time="15.528" errors="0">
  <testcase name="validateTitle" time="0.008" classname="com.susheel.tests.Seleniumdemo2"/>
  <testcase name="login" time="7.22" classname="com.susheel.tests.Seleniumdemo2"/>
  <testcase name="myDetails" time="1.0" classname="com.susheel.tests.Seleniumdemo2"/>
  <testcase name="dateSelect" time="3.607" classname="com.susheel.tests.Seleniumdemo2"/>
  <testcase name="gender" time="0.075" classname="com.susheel.tests.Seleniumdemo2"/>
  <testcase name="nationality" time="0.713" classname="com.susheel.tests.Seleniumdemo2"/>
  <testcase name="firstNameTest" time="0.038" classname="com.susheel.tests.Seleniumdemo2"/>
  <testcase name="lastNameTest" time="0.026" classname="com.susheel.tests.Seleniumdemo2"/>
  <testcase name="dateTest" time="0.032" classname="com.susheel.tests.Seleniumdemo2"/>
</testsuite> <!-- Test2 -->
