<?xml version="1.0" encoding="UTF-8"?>
<testsuite xmlns:xsi="http://www.w3.org/2001/XMLSchema-instance" xsi:noNamespaceSchemaLocation="https://maven.apache.org/surefire/maven-surefire-plugin/xsd/surefire-test-report-3.0.xsd" version="3.0" name="TestSuite" time="36.42" tests="18" errors="0" skipped="1" failures="5">
  <properties>
[...]
</properties>
  <testcase name="validateTitle" classname="com.susheel.tests.Seleniumdemo" time="0.033"/>
  <testcase name="login" classname="com.susheel.tests.Seleniumdemo" time="7.569">
    <failure message="expected [Welcome Tom] but found [Welcome 2323@@@@11]" type="java.lang.AssertionError"><![CDATA[java.lang.AssertionError: expected [Welcome Tom] but found [Welcome 2323@@@@11]
	at com.susheel.tests.Seleniumdemo.login(Seleniumdemo.java:54)
]]></failure>
    <system-out><![CDATA[Welcome 2323@@@@11
]]></system-out>
  </testcase>
  <testcase name="myDetails" classname="com.susheel.tests.Seleniumdemo" time="1.362"/>
  <testcase name="dateSelect" classname="com.susheel.tests.Seleniumdemo" time="3.573"/>
  <testcase name="gender" classname="com.susheel.tests.Seleniumdemo" time="0.073"/>
  <testcase name="nationality" classname="com.susheel.tests.Seleniumdemo" time="1.254"/>
  <testcase name="firstNameTest" classname="com.susheel.tests.Seleniumdemo" time="0.045">
    <failure message="expected [Tom] but found [tom]" type="java.lang.AssertionError"><![CDATA[java.lang.AssertionError: expected [Tom] but found [tom]
	at com.susheel.tests.Seleniumdemo.firstNameTest(Seleniumdemo.java:113)
]]></failure>
  </testcase>
  <testcase name="lastNameTest" classname="com.susheel.tests.Seleniumdemo" time="0.035"/>
  <testcase name="dateTest" classname="com.susheel.tests.Seleniumdemo" time="0.023"/>
  <testcase name="validateTitle" classname="com.susheel.tests.Seleniumdemo2" time="0.018"/>
  <testcase name="login" classname="com.susheel.tests.Seleniumdemo2" time="7.269">
    <failure message="expected [Welcome Tom] but found [Welcome tom]" type="java.lang.AssertionError"><![CDATA[java.lang.AssertionError: expected [Welcome Tom] but found [Welcome tom]
	at com.susheel.tests.Seleniumdemo2.login(Seleniumdemo2.java:42)
]]></failure>
    <system-out><![CDATA[Welcome tom
]]></system-out>
  </testcase>
  <testcase name="myDetails" classname="com.susheel.tests.Seleniumdemo2" time="1.025"/>
  <testcase name="dateSelect" classname="com.susheel.tests.Seleniumdemo2" time="3.506"/>
  <testcase name="gender" classname="com.susheel.tests.Seleniumdemo2" time="0.067"/>
  <testcase name="nationality" classname="com.susheel.tests.Seleniumdemo2" time="1.368"/>
  <testcase name="firstNameTest" classname="com.susheel.tests.Seleniumdemo2" time="0.039">
    <failure message="expected [Tom] but found [tom]" type="java.lang.AssertionError"><![CDATA[java.lang.AssertionError: expected [Tom] but found [tom]
	at com.susheel.tests.Seleniumdemo2.firstNameTest(Seleniumdemo2.java:101)
]]></failure>
  </testcase>
  <testcase name="lastNameTest" classname="com.susheel.tests.Seleniumdemo2" time="0.03">
    <failure message="expected [1234] but found [admin123]" type="java.lang.AssertionError"><![CDATA[java.lang.AssertionError: expected [1234] but found [admin123]
	at com.susheel.tests.Seleniumdemo2.lastNameTest(Seleniumdemo2.java:109)
]]></failure>
  </testcase>
  <testcase name="dateTest" classname="com.susheel.tests.Seleniumdemo2" time="0">
    <skipped/>
  </testcase>
</testsuite>